SF:lib/home_screen/api/info_repository.dart
DA:8,2
DA:9,8
DA:10,2
LF:3
LH:3
end_of_record
SF:lib/home_screen/bloc/info_event.dart
DA:4,0
DA:5,0
LF:2
LH:0
end_of_record
SF:lib/home_screen/bloc/info_hs_bloc.dart
DA:11,2
DA:13,4
DA:16,2
DA:17,2
DA:18,2
DA:20,2
DA:21,6
DA:22,2
DA:25,0
DA:26,0
DA:27,0
DA:33,0
LF:12
LH:8
end_of_record
SF:lib/home_screen/bloc/info_state.dart
DA:6,2
DA:8,1
DA:9,1
DA:21,1
DA:27,0
DA:30,0
DA:31,0
DA:36,1
DA:37,2
DA:39,1
DA:40,3
LF:11
LH:8
end_of_record
SF:lib/home_screen/models/info_hs_model.g.dart
DA:9,1
DA:10,1
DA:11,1
DA:12,4
DA:13,4
DA:14,4
DA:15,4
DA:16,4
DA:17,4
DA:18,4
DA:19,4
DA:20,2
DA:24,0
DA:25,0
DA:26,0
DA:27,0
DA:28,0
DA:29,0
DA:30,0
DA:31,0
DA:32,0
DA:33,0
DA:34,0
LF:23
LH:12
end_of_record
SF:lib/home_screen/models/info_hs_model.dart
DA:9,1
DA:33,2
DA:34,0
LF:3
LH:2
end_of_record
SF:lib/api_client.dart
DA:14,2
DA:15,4
DA:16,2
DA:21,4
DA:22,4
DA:23,2
DA:24,2
DA:29,4
DA:31,1
DA:32,3
LF:10
LH:10
end_of_record
SF:lib/cards_screen/models/card_by_params.dart
DA:8,0
DA:52,0
DA:53,0
DA:60,0
DA:62,0
LF:5
LH:0
end_of_record
SF:lib/cards_screen/models/card_by_params.g.dart
DA:9,0
DA:10,0
DA:11,0
DA:12,0
DA:13,0
DA:14,0
DA:15,0
DA:16,0
DA:17,0
DA:18,0
DA:19,0
DA:20,0
DA:21,0
DA:22,0
DA:23,0
DA:24,0
DA:25,0
DA:26,0
DA:27,0
DA:28,0
DA:29,0
DA:30,0
DA:31,0
DA:32,0
DA:33,0
DA:37,0
DA:38,0
DA:39,0
DA:40,0
DA:41,0
DA:42,0
DA:43,0
DA:44,0
DA:45,0
DA:46,0
DA:47,0
DA:48,0
DA:49,0
DA:50,0
DA:51,0
DA:52,0
DA:53,0
DA:54,0
DA:55,0
DA:56,0
DA:57,0
DA:58,0
DA:61,0
DA:62,0
DA:63,0
DA:67,0
DA:68,0
LF:52
LH:0
end_of_record
SF:lib/home_screen/models/locales_model.dart
DA:7,1
DA:41,2
DA:42,0
LF:3
LH:2
end_of_record
SF:lib/home_screen/models/locales_model.g.dart
DA:9,1
DA:10,1
DA:11,1
DA:12,1
DA:13,1
DA:14,1
DA:15,1
DA:16,1
DA:17,1
DA:18,1
DA:19,1
DA:20,1
DA:21,1
DA:22,1
DA:23,1
DA:24,1
DA:25,1
DA:29,0
DA:30,0
DA:31,0
DA:32,0
DA:33,0
DA:34,0
DA:35,0
DA:36,0
DA:37,0
DA:38,0
DA:39,0
DA:40,0
DA:41,0
DA:42,0
DA:43,0
DA:44,0
DA:45,0
LF:34
LH:17
end_of_record
SF:lib/main.dart
DA:12,0
DA:13,0
DA:17,1
DA:19,1
DA:20,1
DA:21,1
DA:22,2
DA:24,1
DA:25,0
DA:27,1
DA:28,0
DA:30,1
DA:31,0
DA:34,1
DA:36,1
DA:38,1
DA:40,1
LF:17
LH:12
end_of_record
SF:lib/cardbacks_screen/api/card_backs_repository.dart
DA:6,0
DA:7,0
DA:9,0
LF:3
LH:0
end_of_record
SF:lib/cardbacks_screen/models/cardbacks.dart
DA:14,0
DA:27,0
DA:28,0
DA:29,0
DA:30,0
DA:31,0
DA:32,0
DA:33,0
DA:34,0
DA:35,0
DA:36,0
DA:37,0
DA:38,0
DA:41,0
DA:42,0
DA:43,0
DA:44,0
DA:45,0
DA:46,0
DA:47,0
DA:48,0
DA:49,0
DA:50,0
DA:51,0
DA:52,0
DA:53,0
LF:26
LH:0
end_of_record
SF:lib/cardbacks_screen/bloc/cardbacks_bloc.dart
DA:7,0
DA:10,0
DA:11,0
DA:13,0
DA:14,0
DA:18,0
DA:20,0
DA:21,0
DA:22,0
DA:25,0
DA:26,0
DA:27,0
DA:31,0
LF:13
LH:0
end_of_record
SF:lib/cardbacks_screen/bloc/cardbacks_event.dart
DA:4,0
DA:5,0
LF:2
LH:0
end_of_record
SF:lib/cardbacks_screen/bloc/cardbacks_state.dart
DA:6,0
DA:8,0
DA:9,0
DA:19,0
DA:23,0
DA:24,0
DA:26,0
DA:27,0
DA:33,0
DA:37,0
DA:38,0
LF:11
LH:0
end_of_record
SF:lib/cardbacks_screen/card_back_details_screen/card_back_details_screen.dart
DA:11,0
DA:12,0
DA:13,0
DA:14,0
DA:18,0
DA:19,0
DA:20,0
DA:23,0
DA:25,0
DA:26,0
DA:30,0
DA:31,0
DA:32,0
DA:36,0
DA:37,0
DA:40,0
DA:41,0
DA:42,0
DA:43,0
DA:48,0
DA:49,0
DA:50,0
DA:52,0
DA:53,0
DA:54,0
DA:59,0
DA:60,0
DA:63,0
DA:69,0
DA:70,0
DA:71,0
DA:76,0
DA:77,0
DA:79,0
DA:80,0
DA:82,0
DA:87,0
DA:89,0
DA:94,0
DA:95,0
LF:40
LH:0
end_of_record
SF:lib/cards_screen/card_details/card_details_image.dart
DA:5,0
DA:7,0
DA:9,0
DA:11,0
DA:13,0
DA:14,0
DA:15,0
DA:16,0
DA:17,0
DA:18,0
DA:23,0
DA:24,0
DA:25,0
DA:30,0
DA:31,0
DA:32,0
DA:33,0
DA:34,0
DA:35,0
DA:40,0
DA:41,0
DA:42,0
DA:45,0
DA:46,0
DA:47,0
DA:49,0
DA:50,0
DA:51,0
DA:52,0
DA:53,0
LF:30
LH:0
end_of_record
SF:lib/common/title_widget.dart
DA:4,0
DA:5,0
DA:6,0
DA:10,0
DA:12,0
DA:13,0
DA:14,0
DA:17,0
DA:18,0
DA:19,0
DA:26,0
DA:28,0
DA:29,0
DA:30,0
DA:31,0
DA:32,0
LF:16
LH:0
end_of_record
SF:lib/cardbacks_screen/cardbacks_screen.dart
DA:13,0
DA:14,0
DA:15,0
DA:16,0
DA:20,0
DA:22,0
DA:23,0
DA:27,0
DA:29,0
DA:30,0
DA:33,0
DA:35,0
DA:36,0
DA:37,0
DA:38,0
DA:39,0
DA:40,0
DA:43,0
DA:44,0
DA:45,0
DA:48,0
DA:49,0
DA:50,0
DA:51,0
DA:54,0
DA:55,0
DA:58,0
DA:60,0
DA:61,0
DA:62,0
DA:66,0
DA:67,0
DA:70,0
DA:72,0
DA:73,0
DA:74,0
DA:75,0
DA:77,0
DA:78,0
DA:79,0
DA:81,0
DA:82,0
DA:83,0
DA:85,0
DA:93,0
DA:94,0
LF:46
LH:0
end_of_record
SF:lib/cards_screen/api/cards_repository.dart
DA:5,0
DA:6,0
DA:8,0
DA:11,0
DA:12,0
DA:14,0
LF:6
LH:0
end_of_record
SF:lib/cards_screen/bloc/list_cards_bloc.dart
DA:8,0
DA:11,0
DA:12,0
DA:14,0
DA:15,0
DA:19,0
DA:21,0
DA:22,0
DA:23,0
DA:26,0
DA:27,0
DA:28,0
DA:32,0
LF:13
LH:0
end_of_record
SF:lib/cards_screen/bloc/list_cards_event.dart
DA:5,0
DA:11,0
DA:13,0
DA:14,0
DA:18,0
DA:20,0
DA:21,0
DA:27,0
DA:29,0
DA:30,0
LF:10
LH:0
end_of_record
SF:lib/cards_screen/bloc/list_cards_state.dart
DA:6,0
DA:8,0
DA:9,0
DA:19,0
DA:23,0
DA:24,0
DA:26,0
DA:27,0
DA:33,0
DA:37,0
DA:38,0
LF:11
LH:0
end_of_record
SF:lib/cards_screen/card_details_screen/bloc/card_details_bloc.dart
DA:9,0
DA:12,0
DA:13,0
DA:15,0
DA:16,0
DA:20,0
DA:22,0
DA:23,0
DA:24,0
DA:27,0
DA:28,0
DA:29,0
DA:33,0
LF:13
LH:0
end_of_record
SF:lib/cards_screen/card_details_screen/bloc/card_details_event.dart
DA:5,0
DA:9,0
DA:11,0
DA:12,0
DA:18,0
DA:20,0
DA:21,0
LF:7
LH:0
end_of_record
SF:lib/cards_screen/card_details_screen/bloc/card_details_state.dart
DA:6,0
DA:8,0
DA:9,0
DA:19,0
DA:23,0
DA:24,0
LF:6
LH:0
end_of_record
SF:lib/cards_screen/card_details_screen/card_details_screen.dart
DA:18,0
DA:19,0
DA:20,0
DA:21,0
DA:25,0
DA:26,0
DA:27,0
DA:30,0
DA:31,0
DA:35,0
DA:37,0
DA:38,0
DA:41,0
DA:43,0
DA:44,0
DA:45,0
DA:46,0
DA:47,0
DA:48,0
DA:51,0
DA:52,0
DA:53,0
DA:56,0
DA:57,0
DA:58,0
DA:62,0
DA:63,0
DA:64,0
DA:68,0
DA:69,0
DA:72,0
DA:73,0
DA:74,0
DA:75,0
DA:80,0
DA:81,0
DA:82,0
DA:84,0
DA:85,0
DA:86,0
DA:87,0
DA:88,0
DA:93,0
DA:94,0
DA:95,0
DA:96,0
DA:97,0
DA:98,0
DA:111,0
DA:112,0
DA:114,0
DA:116,0
DA:118,0
DA:123,0
DA:124,0
DA:126,0
DA:136,0
DA:137,0
DA:138,0
LF:59
LH:0
end_of_record
SF:lib/cards_screen/list_cards_screen.dart
DA:14,0
DA:15,0
DA:16,0
DA:17,0
DA:21,0
DA:22,0
DA:23,0
DA:26,0
DA:27,0
DA:31,0
DA:33,0
DA:34,0
DA:37,0
DA:39,0
DA:40,0
DA:41,0
DA:42,0
DA:43,0
DA:44,0
DA:47,0
DA:48,0
DA:49,0
DA:52,0
DA:53,0
DA:54,0
DA:55,0
DA:58,0
DA:59,0
DA:62,0
DA:63,0
DA:64,0
DA:65,0
DA:69,0
DA:70,0
DA:73,0
DA:74,0
DA:76,0
DA:77,0
DA:78,0
DA:79,0
DA:81,0
LF:41
LH:0
end_of_record
SF:lib/cards_screen/widgets/item_list_widget.dart
DA:15,0
DA:16,0
DA:17,0
DA:19,0
DA:20,0
DA:27,0
DA:29,0
DA:30,0
DA:32,0
DA:36,0
DA:38,0
DA:39,0
DA:40,0
DA:41,0
DA:42,0
DA:49,0
DA:50,0
DA:51,0
DA:53,0
DA:54,0
DA:55,0
DA:57,0
DA:59,0
DA:61,0
DA:63,0
DA:65,0
DA:67,0
DA:68,0
DA:70,0
DA:71,0
DA:72,0
DA:83,0
DA:84,0
DA:85,0
DA:87,0
DA:92,0
DA:93,0
DA:94,0
DA:95,0
DA:96,0
DA:97,0
DA:99,0
DA:105,0
DA:106,0
DA:107,0
DA:108,0
DA:109,0
DA:111,0
LF:48
LH:0
end_of_record
SF:lib/cards_screen/widgets/attribute_widget.dart
DA:5,0
DA:11,0
DA:18,0
DA:20,0
DA:21,0
DA:22,0
DA:23,0
DA:25,0
DA:26,0
DA:27,0
DA:28,0
DA:29,0
DA:30,0
DA:43,0
DA:48,0
DA:49,0
DA:50,0
DA:51,0
DA:52,0
DA:53,0
DA:54,0
DA:56,0
DA:58,0
DA:59,0
DA:61,0
DA:62,0
DA:63,0
DA:64,0
DA:65,0
DA:66,0
DA:68,0
DA:72,0
LF:32
LH:0
end_of_record
SF:lib/cards_screen/widgets/card_image_widget.dart
DA:8,0
DA:10,0
DA:14,0
DA:16,0
DA:17,0
DA:23,0
DA:25,0
DA:26,0
DA:28,0
DA:32,0
DA:34,0
DA:36,0
DA:38,0
DA:39,0
DA:40,0
DA:41,0
DA:43,0
DA:44,0
DA:45,0
DA:46,0
DA:48,0
DA:49,0
DA:50,0
DA:51,0
DA:56,0
DA:57,0
DA:58,0
DA:60,0
DA:61,0
DA:62,0
DA:63,0
DA:65,0
DA:66,0
DA:67,0
DA:68,0
DA:73,0
DA:75,0
DA:76,0
DA:77,0
DA:78,0
DA:79,0
DA:80,0
DA:96,0
DA:97,0
DA:98,0
DA:100,0
DA:109,0
DA:111,0
DA:113,0
DA:114,0
DA:115,0
DA:116,0
DA:118,0
DA:119,0
DA:120,0
DA:121,0
DA:123,0
DA:124,0
DA:125,0
DA:126,0
DA:131,0
DA:132,0
LF:62
LH:0
end_of_record
SF:lib/cards_screen/widgets/details_button.dart
DA:7,0
DA:9,0
DA:11,0
DA:12,0
DA:13,0
DA:14,0
DA:19,0
DA:21,0
DA:26,0
DA:27,0
LF:10
LH:0
end_of_record
SF:lib/drawer/drawer_screen.dart
DA:13,2
DA:15,1
DA:16,1
DA:22,1
DA:24,1
DA:25,4
DA:28,1
DA:30,1
DA:35,1
DA:36,1
DA:37,1
DA:38,1
DA:39,1
DA:42,0
DA:43,0
DA:44,0
DA:47,0
DA:48,0
DA:49,0
DA:50,0
DA:54,0
DA:55,0
DA:56,0
DA:57,0
DA:58,0
DA:60,0
DA:62,0
DA:63,0
DA:64,0
DA:67,0
DA:71,0
DA:72,0
DA:76,0
DA:77,0
DA:78,0
DA:79,0
DA:81,0
DA:84,0
DA:85,0
DA:89,0
DA:90,0
DA:91,0
DA:92,0
DA:94,0
DA:97,0
DA:98,0
DA:102,0
DA:103,0
DA:104,0
DA:105,0
DA:107,0
DA:110,0
DA:111,0
DA:115,0
DA:116,0
DA:117,0
DA:118,0
DA:120,0
DA:123,0
DA:124,0
DA:128,0
DA:129,0
DA:130,0
DA:131,0
DA:133,0
DA:136,0
DA:137,0
DA:141,0
DA:142,0
DA:143,0
DA:144,0
DA:146,0
DA:149,0
DA:150,0
DA:154,0
DA:155,0
LF:76
LH:13
end_of_record
SF:lib/home_screen/home_screen_old.dart
DA:16,0
DA:17,0
DA:18,0
DA:19,0
DA:26,0
DA:27,0
DA:28,0
DA:32,0
DA:33,0
DA:37,0
DA:39,0
DA:40,0
DA:43,0
DA:45,0
DA:48,0
DA:50,0
DA:51,0
DA:52,0
DA:53,0
DA:54,0
DA:57,0
DA:58,0
DA:59,0
DA:62,0
DA:63,0
DA:64,0
DA:65,0
DA:68,0
DA:69,0
DA:70,0
DA:71,0
DA:72,0
DA:76,0
DA:77,0
DA:80,0
DA:81,0
DA:82,0
DA:83,0
DA:86,0
DA:88,0
DA:89,0
DA:90,0
DA:92,0
DA:93,0
DA:94,0
DA:96,0
DA:97,0
LF:47
LH:0
end_of_record
